0 info it worked if it ends with ok
1 verbose cli [ 'node', '/usr/local/bin/npm', 'start' ]
2 info using npm@3.8.9
3 info using node@v0.12.7
4 verbose node symlink /usr/local/bin/node
5 verbose stack Error: Failed to parse json
5 verbose stack Unexpected token 'n' at 10:7
5 verbose stack      "npm": "~3.8.9"
5 verbose stack       ^
5 verbose stack     at parseError (/usr/local/lib/node_modules/npm/node_modules/read-package-json/read-json.js:390:11)
5 verbose stack     at parseJson (/usr/local/lib/node_modules/npm/node_modules/read-package-json/read-json.js:79:23)
5 verbose stack     at /usr/local/lib/node_modules/npm/node_modules/read-package-json/read-json.js:48:5
5 verbose stack     at /usr/local/lib/node_modules/npm/node_modules/graceful-fs/graceful-fs.js:78:16
5 verbose stack     at fs.js:334:14
5 verbose stack     at /usr/local/lib/node_modules/npm/node_modules/graceful-fs/graceful-fs.js:43:10
5 verbose stack     at FSReqWrap.oncomplete (fs.js:95:15)
6 verbose cwd /Users/xristol/topan
7 error Darwin 15.4.0
8 error argv "node" "/usr/local/bin/npm" "start"
9 error node v0.12.7
10 error npm  v3.8.9
11 error file /Users/xristol/topan/package.json
12 error code EJSONPARSE
13 error Failed to parse json
13 error Unexpected token 'n' at 10:7
13 error      "npm": "~3.8.9"
13 error       ^
14 error File: /Users/xristol/topan/package.json
15 error Failed to parse package.json data.
15 error package.json must be actual JSON, not just JavaScript.
15 error
15 error This is not a bug in npm.
15 error Tell the package author to fix their package.json file. JSON.parse
16 verbose exit [ 1, true ]
